2023/01/19 01:03:21 main.go:16: test
2023/01/19 01:42:01 users.go:34: sql: converting argument $1 type: unsupported type func() uuid.UUID, a func
2023/01/19 01:48:04 users.go:34: table users has no column named create_at
2023/01/19 01:48:48 users.go:34: table users has no column named creates_at
2023/01/21 02:03:38 todos.go:92: near "where": syntax error
2023/01/22 02:35:47 users.go:104: table sessions has no column named created_at
2023/01/22 02:35:47 main.go:22: no such column: created_at
2023/01/22 02:55:24 route_auth.go:39: sql: no rows in result set
2023/01/22 02:55:24 server.go:3230: http: superfluous response.WriteHeader call from github.com/RioTsukiji/ToDoApp/app/controllers.authenticate (route_auth.go:57)
2023/01/22 02:55:39 route_auth.go:39: sql: no rows in result set
2023/01/22 02:55:39 server.go:3230: http: superfluous response.WriteHeader call from github.com/RioTsukiji/ToDoApp/app/controllers.authenticate (route_auth.go:57)
2023/01/22 02:56:39 route_auth.go:39: sql: no rows in result set
2023/01/22 02:56:39 server.go:3230: http: superfluous response.WriteHeader call from github.com/RioTsukiji/ToDoApp/app/controllers.authenticate (route_auth.go:57)
2023/01/22 03:01:55 route_auth.go:39: sql: no rows in result set
2023/01/22 03:01:55 server.go:3230: http: superfluous response.WriteHeader call from github.com/RioTsukiji/ToDoApp/app/controllers.authenticate (route_auth.go:57)
2023/01/22 10:50:00 users.go:141: near "=": syntax error
2023/01/22 15:33:00 route_main.go:24: sql: no rows in result set
2023/01/22 15:33:00 route_main.go:24: sql: no rows in result set
2023/01/22 15:33:07 route_main.go:24: sql: no rows in result set
2023/01/22 15:33:07 route_main.go:24: sql: no rows in result set
2023/01/22 15:33:44 route_main.go:24: sql: no rows in result set
2023/01/22 15:33:44 route_main.go:24: sql: no rows in result set
2023/01/22 15:33:45 route_main.go:24: sql: no rows in result set
2023/01/22 15:33:45 route_main.go:24: sql: no rows in result set
2023/01/22 15:36:13 route_main.go:24: sql: no rows in result set
2023/01/22 15:36:13 route_main.go:24: sql: no rows in result set
2023/01/22 15:36:19 route_main.go:24: sql: no rows in result set
2023/01/22 15:36:19 route_main.go:24: sql: no rows in result set
